<?xml version="1.0" encoding="UTF-8"?>
<!-- Generated by org.testng.reporters.JUnitReportReporter -->
<testsuite hostname="DESKTOP-10F2RV2" failures="0" tests="2" name="CRMTestng.steps.SignUpSteps" time="14.865" errors="0" timestamp="2024-06-26T16:44:42 CET" skipped="1">
  <testcase classname="CRMTestng.steps.SignUpSteps" name="user_fill_the_email_and_click_on_accept_terms_select_captcha_and_click_on_signup_button" time="14.865"/>
  <testcase classname="CRMTestng.steps.SignUpSteps" name="user_account_should_be_created">
    <skipped/>
  </testcase> <!-- user_account_should_be_created -->
</testsuite> <!-- CRMTestng.steps.SignUpSteps -->
