<?xml version="1.0" encoding="UTF-8"?>
<!-- Generated by org.testng.reporters.JUnitReportReporter -->
<testsuite hostname="DESKTOP-10F2RV2" failures="0" tests="2" name="CRMTestng.steps.loginSteps" time="24.775" errors="0" timestamp="2024-06-26T16:44:42 CET" skipped="1">
  <testcase classname="CRMTestng.steps.loginSteps" name="user_fill_the_email_and_password_and_click_on_login_button" time="24.775"/>
  <testcase classname="CRMTestng.steps.loginSteps" name="user_should_navigate_at_the_homepage">
    <skipped/>
  </testcase> <!-- user_should_navigate_at_the_homepage -->
</testsuite> <!-- CRMTestng.steps.loginSteps -->
